running egg_info
writing build/NavLogger/NavLogger.egg-info/PKG-INFO
writing dependency_links to build/NavLogger/NavLogger.egg-info/dependency_links.txt
writing entry points to build/NavLogger/NavLogger.egg-info/entry_points.txt
writing requirements to build/NavLogger/NavLogger.egg-info/requires.txt
writing top-level names to build/NavLogger/NavLogger.egg-info/top_level.txt
reading manifest file 'build/NavLogger/NavLogger.egg-info/SOURCES.txt'
adding license file 'LICENSE'
writing manifest file 'build/NavLogger/NavLogger.egg-info/SOURCES.txt'
running build
running build_py
copying NavLogger/logger_node.py -> /home/james/Documents/dev/NavLogger/build/NavLogger/build/lib/NavLogger
copying NavLogger/__init__.py -> /home/james/Documents/dev/NavLogger/build/NavLogger/build/lib/NavLogger
running install
running install_lib
copying /home/james/Documents/dev/NavLogger/build/NavLogger/build/lib/NavLogger/logger_node.py -> /home/james/Documents/dev/NavLogger/install/NavLogger/lib/python3.10/site-packages/NavLogger
byte-compiling /home/james/Documents/dev/NavLogger/install/NavLogger/lib/python3.10/site-packages/NavLogger/logger_node.py to logger_node.cpython-310.pyc
running install_data
copying resource/NavLogger -> /home/james/Documents/dev/NavLogger/install/NavLogger/share/ament_index/resource_index/packages
copying package.xml -> /home/james/Documents/dev/NavLogger/install/NavLogger/share/NavLogger
running install_egg_info
removing '/home/james/Documents/dev/NavLogger/install/NavLogger/lib/python3.10/site-packages/NavLogger-0.0.0-py3.10.egg-info' (and everything under it)
Copying build/NavLogger/NavLogger.egg-info to /home/james/Documents/dev/NavLogger/install/NavLogger/lib/python3.10/site-packages/NavLogger-0.0.0-py3.10.egg-info
running install_scripts
Installing logger_node script to /home/james/Documents/dev/NavLogger/install/NavLogger/lib/NavLogger
writing list of installed files to '/home/james/Documents/dev/NavLogger/build/NavLogger/install.log'
