running egg_info
creating build/NavLogger/Snapshot_Coords.egg-info
writing build/NavLogger/Snapshot_Coords.egg-info/PKG-INFO
writing dependency_links to build/NavLogger/Snapshot_Coords.egg-info/dependency_links.txt
writing entry points to build/NavLogger/Snapshot_Coords.egg-info/entry_points.txt
writing requirements to build/NavLogger/Snapshot_Coords.egg-info/requires.txt
writing top-level names to build/NavLogger/Snapshot_Coords.egg-info/top_level.txt
writing manifest file 'build/NavLogger/Snapshot_Coords.egg-info/SOURCES.txt'
reading manifest file 'build/NavLogger/Snapshot_Coords.egg-info/SOURCES.txt'
adding license file 'LICENSE'
writing manifest file 'build/NavLogger/Snapshot_Coords.egg-info/SOURCES.txt'
running build
running build_py
creating /home/james/Documents/dev/Snapshot_Coords/build/NavLogger/build/lib/src
copying src/logger_node.py -> /home/james/Documents/dev/Snapshot_Coords/build/NavLogger/build/lib/src
copying src/__init__.py -> /home/james/Documents/dev/Snapshot_Coords/build/NavLogger/build/lib/src
running install
running install_lib
creating /home/james/Documents/dev/Snapshot_Coords/install/NavLogger/lib/python3.10/site-packages/src
copying /home/james/Documents/dev/Snapshot_Coords/build/NavLogger/build/lib/src/logger_node.py -> /home/james/Documents/dev/Snapshot_Coords/install/NavLogger/lib/python3.10/site-packages/src
copying /home/james/Documents/dev/Snapshot_Coords/build/NavLogger/build/lib/src/__init__.py -> /home/james/Documents/dev/Snapshot_Coords/install/NavLogger/lib/python3.10/site-packages/src
byte-compiling /home/james/Documents/dev/Snapshot_Coords/install/NavLogger/lib/python3.10/site-packages/src/logger_node.py to logger_node.cpython-310.pyc
byte-compiling /home/james/Documents/dev/Snapshot_Coords/install/NavLogger/lib/python3.10/site-packages/src/__init__.py to __init__.cpython-310.pyc
running install_data
