[0.356s] DEBUG:colcon:Command line arguments: ['/usr/bin/colcon', 'build']
[0.357s] DEBUG:colcon:Parsed command line arguments: Namespace(log_base=None, log_level=None, verb_name='build', build_base='build', install_base='install', merge_install=False, symlink_install=False, test_result_base=None, continue_on_error=False, executor='parallel', parallel_workers=16, event_handlers=None, ignore_user_meta=False, metas=['./colcon.meta'], base_paths=['.'], packages_ignore=None, packages_ignore_regex=None, paths=None, packages_up_to=None, packages_up_to_regex=None, packages_above=None, packages_above_and_dependencies=None, packages_above_depth=None, packages_select_by_dep=None, packages_skip_by_dep=None, packages_skip_up_to=None, packages_select_build_failed=False, packages_skip_build_finished=False, packages_select_test_failures=False, packages_skip_test_passed=False, packages_select=None, packages_skip=None, packages_select_regex=None, packages_skip_regex=None, packages_start=None, packages_end=None, allow_overriding=[], cmake_args=None, cmake_target=None, cmake_target_skip_unavailable=False, cmake_clean_cache=False, cmake_clean_first=False, cmake_force_configure=False, ament_cmake_args=None, catkin_cmake_args=None, catkin_skip_building_tests=False, mixin_files=None, mixin=None, verb_parser=<colcon_mixin.mixin.mixin_argument.MixinArgumentDecorator object at 0x739b00487f40>, verb_extension=<colcon_core.verb.build.BuildVerb object at 0x739b00487190>, main=<bound method BuildVerb.main of <colcon_core.verb.build.BuildVerb object at 0x739b00487190>>, mixin_verb=('build',))
[0.427s] Level 1:colcon.colcon_core.package_discovery:discover_packages(colcon_meta) check parameters
[0.427s] Level 1:colcon.colcon_core.package_discovery:discover_packages(recursive) check parameters
[0.427s] Level 1:colcon.colcon_core.package_discovery:discover_packages(ignore) check parameters
[0.428s] Level 1:colcon.colcon_core.package_discovery:discover_packages(path) check parameters
[0.428s] Level 1:colcon.colcon_core.package_discovery:discover_packages(colcon_meta) discover
[0.428s] Level 1:colcon.colcon_core.package_discovery:discover_packages(recursive) discover
[0.428s] INFO:colcon.colcon_core.package_discovery:Crawling recursively for packages in '/home/james/Documents/dev/NavLogger'
[0.428s] Level 1:colcon.colcon_core.package_identification:_identify(.) by extensions ['ignore', 'ignore_ament_install']
[0.428s] Level 1:colcon.colcon_core.package_identification:_identify(.) by extension 'ignore'
[0.428s] Level 1:colcon.colcon_core.package_identification:_identify(.) by extension 'ignore_ament_install'
[0.428s] Level 1:colcon.colcon_core.package_identification:_identify(.) by extensions ['colcon_pkg']
[0.428s] Level 1:colcon.colcon_core.package_identification:_identify(.) by extension 'colcon_pkg'
[0.428s] Level 1:colcon.colcon_core.package_identification:_identify(.) by extensions ['colcon_meta']
[0.428s] Level 1:colcon.colcon_core.package_identification:_identify(.) by extension 'colcon_meta'
[0.428s] Level 1:colcon.colcon_core.package_identification:_identify(.) by extensions ['ros']
[0.428s] Level 1:colcon.colcon_core.package_identification:_identify(.) by extension 'ros'
[0.457s] DEBUG:colcon.colcon_core.package_identification:Package '.' with type 'ros.ament_python' and name 'NavLogger'
[0.457s] Level 1:colcon.colcon_core.package_discovery:discover_packages(recursive) using defaults
[0.457s] Level 1:colcon.colcon_core.package_discovery:discover_packages(ignore) discover
[0.457s] Level 1:colcon.colcon_core.package_discovery:discover_packages(ignore) using defaults
[0.457s] Level 1:colcon.colcon_core.package_discovery:discover_packages(path) discover
[0.457s] Level 1:colcon.colcon_core.package_discovery:discover_packages(path) using defaults
[0.491s] Level 1:colcon.colcon_core.package_discovery:discover_packages(prefix_path) check parameters
[0.491s] Level 1:colcon.colcon_core.package_discovery:discover_packages(prefix_path) discover
[0.494s] DEBUG:colcon.colcon_installed_package_information.package_discovery:Found 1 installed packages in /home/james/Documents/dev/NavLogger/install
[0.498s] DEBUG:colcon.colcon_installed_package_information.package_discovery:Found 299 installed packages in /opt/ros/humble
[0.499s] Level 1:colcon.colcon_core.package_discovery:discover_packages(prefix_path) using defaults
[0.593s] Level 5:colcon.colcon_core.verb:set package 'NavLogger' build argument 'cmake_args' from command line to 'None'
[0.593s] Level 5:colcon.colcon_core.verb:set package 'NavLogger' build argument 'cmake_target' from command line to 'None'
[0.593s] Level 5:colcon.colcon_core.verb:set package 'NavLogger' build argument 'cmake_target_skip_unavailable' from command line to 'False'
[0.593s] Level 5:colcon.colcon_core.verb:set package 'NavLogger' build argument 'cmake_clean_cache' from command line to 'False'
[0.593s] Level 5:colcon.colcon_core.verb:set package 'NavLogger' build argument 'cmake_clean_first' from command line to 'False'
[0.593s] Level 5:colcon.colcon_core.verb:set package 'NavLogger' build argument 'cmake_force_configure' from command line to 'False'
[0.593s] Level 5:colcon.colcon_core.verb:set package 'NavLogger' build argument 'ament_cmake_args' from command line to 'None'
[0.593s] Level 5:colcon.colcon_core.verb:set package 'NavLogger' build argument 'catkin_cmake_args' from command line to 'None'
[0.593s] Level 5:colcon.colcon_core.verb:set package 'NavLogger' build argument 'catkin_skip_building_tests' from command line to 'False'
[0.593s] DEBUG:colcon.colcon_core.verb:Building package 'NavLogger' with the following arguments: {'ament_cmake_args': None, 'build_base': '/home/james/Documents/dev/NavLogger/build/NavLogger', 'catkin_cmake_args': None, 'catkin_skip_building_tests': False, 'cmake_args': None, 'cmake_clean_cache': False, 'cmake_clean_first': False, 'cmake_force_configure': False, 'cmake_target': None, 'cmake_target_skip_unavailable': False, 'install_base': '/home/james/Documents/dev/NavLogger/install/NavLogger', 'merge_install': False, 'path': '/home/james/Documents/dev/NavLogger', 'symlink_install': False, 'test_result_base': None}
[0.593s] INFO:colcon.colcon_core.executor:Executing jobs using 'parallel' executor
[0.594s] DEBUG:colcon.colcon_parallel_executor.executor.parallel:run_until_complete
[0.595s] INFO:colcon.colcon_ros.task.ament_python.build:Building ROS package in '/home/james/Documents/dev/NavLogger' with build type 'ament_python'
[0.595s] Level 1:colcon.colcon_core.shell:create_environment_hook('NavLogger', 'ament_prefix_path')
[0.600s] INFO:colcon.colcon_core.plugin_system:Skipping extension 'colcon_core.shell.bat': Not used on non-Windows systems
[0.601s] INFO:colcon.colcon_core.shell:Creating environment hook '/home/james/Documents/dev/NavLogger/install/NavLogger/share/NavLogger/hook/ament_prefix_path.ps1'
[0.602s] INFO:colcon.colcon_core.shell:Creating environment descriptor '/home/james/Documents/dev/NavLogger/install/NavLogger/share/NavLogger/hook/ament_prefix_path.dsv'
[0.602s] INFO:colcon.colcon_core.shell:Creating environment hook '/home/james/Documents/dev/NavLogger/install/NavLogger/share/NavLogger/hook/ament_prefix_path.sh'
[0.604s] INFO:colcon.colcon_core.shell:Skip shell extension 'powershell' for command environment: Not usable outside of PowerShell
[0.604s] DEBUG:colcon.colcon_core.shell:Skip shell extension 'dsv' for command environment
[0.879s] INFO:colcon.colcon_core.task.python.build:Building Python package in '/home/james/Documents/dev/NavLogger'
[0.880s] INFO:colcon.colcon_core.shell:Skip shell extension 'powershell' for command environment: Not usable outside of PowerShell
[0.880s] DEBUG:colcon.colcon_core.shell:Skip shell extension 'dsv' for command environment
[1.903s] DEBUG:colcon.colcon_core.event_handler.log_command:Invoking command in '/home/james/Documents/dev/NavLogger': PYTHONPATH=/home/james/Documents/dev/NavLogger/build/NavLogger/prefix_override:/usr/lib/python3/dist-packages/colcon_core/task/python/colcon_distutils_commands:/home/james/Documents/dev/NavLogger/install/NavLogger/lib/python3.10/site-packages:${PYTHONPATH} /usr/bin/python3 -W ignore:setup.py install is deprecated -W ignore:easy_install command is deprecated setup.py egg_info --egg-base build/NavLogger build --build-base /home/james/Documents/dev/NavLogger/build/NavLogger/build install --record /home/james/Documents/dev/NavLogger/build/NavLogger/install.log --single-version-externally-managed install_data
[2.657s] DEBUG:colcon.colcon_core.event_handler.log_command:Invoked command in '/home/james/Documents/dev/NavLogger' returned '0': PYTHONPATH=/home/james/Documents/dev/NavLogger/build/NavLogger/prefix_override:/usr/lib/python3/dist-packages/colcon_core/task/python/colcon_distutils_commands:/home/james/Documents/dev/NavLogger/install/NavLogger/lib/python3.10/site-packages:${PYTHONPATH} /usr/bin/python3 -W ignore:setup.py install is deprecated -W ignore:easy_install command is deprecated setup.py egg_info --egg-base build/NavLogger build --build-base /home/james/Documents/dev/NavLogger/build/NavLogger/build install --record /home/james/Documents/dev/NavLogger/build/NavLogger/install.log --single-version-externally-managed install_data
[2.665s] Level 1:colcon.colcon_core.environment:checking '/home/james/Documents/dev/NavLogger/install/NavLogger' for CMake module files
[2.665s] Level 1:colcon.colcon_core.environment:checking '/home/james/Documents/dev/NavLogger/install/NavLogger' for CMake config files
[2.666s] Level 1:colcon.colcon_core.environment:checking '/home/james/Documents/dev/NavLogger/install/NavLogger/lib'
[2.666s] Level 1:colcon.colcon_core.environment:checking '/home/james/Documents/dev/NavLogger/install/NavLogger/bin'
[2.666s] Level 1:colcon.colcon_core.environment:checking '/home/james/Documents/dev/NavLogger/install/NavLogger/lib/pkgconfig/NavLogger.pc'
[2.666s] Level 1:colcon.colcon_core.environment:checking '/home/james/Documents/dev/NavLogger/install/NavLogger/lib/python3.10/site-packages'
[2.667s] Level 1:colcon.colcon_core.shell:create_environment_hook('NavLogger', 'pythonpath')
[2.667s] INFO:colcon.colcon_core.shell:Creating environment hook '/home/james/Documents/dev/NavLogger/install/NavLogger/share/NavLogger/hook/pythonpath.ps1'
[2.667s] INFO:colcon.colcon_core.shell:Creating environment descriptor '/home/james/Documents/dev/NavLogger/install/NavLogger/share/NavLogger/hook/pythonpath.dsv'
[2.668s] INFO:colcon.colcon_core.shell:Creating environment hook '/home/james/Documents/dev/NavLogger/install/NavLogger/share/NavLogger/hook/pythonpath.sh'
[2.668s] Level 1:colcon.colcon_core.environment:checking '/home/james/Documents/dev/NavLogger/install/NavLogger/bin'
[2.668s] Level 1:colcon.colcon_core.environment:create_environment_scripts_only(NavLogger)
[2.669s] INFO:colcon.colcon_core.shell:Creating package script '/home/james/Documents/dev/NavLogger/install/NavLogger/share/NavLogger/package.ps1'
[2.670s] INFO:colcon.colcon_core.shell:Creating package descriptor '/home/james/Documents/dev/NavLogger/install/NavLogger/share/NavLogger/package.dsv'
[2.671s] INFO:colcon.colcon_core.shell:Creating package script '/home/james/Documents/dev/NavLogger/install/NavLogger/share/NavLogger/package.sh'
[2.672s] INFO:colcon.colcon_core.shell:Creating package script '/home/james/Documents/dev/NavLogger/install/NavLogger/share/NavLogger/package.bash'
[2.673s] INFO:colcon.colcon_core.shell:Creating package script '/home/james/Documents/dev/NavLogger/install/NavLogger/share/NavLogger/package.zsh'
[2.674s] Level 1:colcon.colcon_core.environment:create_file_with_runtime_dependencies(/home/james/Documents/dev/NavLogger/install/NavLogger/share/colcon-core/packages/NavLogger)
[2.675s] DEBUG:colcon.colcon_parallel_executor.executor.parallel:closing loop
[2.675s] DEBUG:colcon.colcon_parallel_executor.executor.parallel:loop closed
[2.675s] DEBUG:colcon.colcon_parallel_executor.executor.parallel:run_until_complete finished with '0'
[2.675s] DEBUG:colcon.colcon_core.event_reactor:joining thread
[2.684s] INFO:colcon.colcon_core.plugin_system:Skipping extension 'colcon_notification.desktop_notification.notify_send': Could not find 'notify-send'
[2.684s] INFO:colcon.colcon_core.plugin_system:Skipping extension 'colcon_notification.desktop_notification.terminal_notifier': Not used on non-Darwin systems
[2.684s] INFO:colcon.colcon_core.plugin_system:Skipping extension 'colcon_notification.desktop_notification.win32': Not used on non-Windows systems
[2.685s] INFO:colcon.colcon_notification.desktop_notification:Sending desktop notification using 'notify2'
[2.698s] DEBUG:colcon.colcon_core.event_reactor:joined thread
[2.698s] INFO:colcon.colcon_core.shell:Creating prefix script '/home/james/Documents/dev/NavLogger/install/local_setup.ps1'
[2.700s] INFO:colcon.colcon_core.shell:Creating prefix util module '/home/james/Documents/dev/NavLogger/install/_local_setup_util_ps1.py'
[2.701s] INFO:colcon.colcon_core.shell:Creating prefix chain script '/home/james/Documents/dev/NavLogger/install/setup.ps1'
[2.703s] INFO:colcon.colcon_core.shell:Creating prefix script '/home/james/Documents/dev/NavLogger/install/local_setup.sh'
[2.704s] INFO:colcon.colcon_core.shell:Creating prefix util module '/home/james/Documents/dev/NavLogger/install/_local_setup_util_sh.py'
[2.704s] INFO:colcon.colcon_core.shell:Creating prefix chain script '/home/james/Documents/dev/NavLogger/install/setup.sh'
[2.705s] INFO:colcon.colcon_core.shell:Creating prefix script '/home/james/Documents/dev/NavLogger/install/local_setup.bash'
[2.706s] INFO:colcon.colcon_core.shell:Creating prefix chain script '/home/james/Documents/dev/NavLogger/install/setup.bash'
[2.707s] INFO:colcon.colcon_core.shell:Creating prefix script '/home/james/Documents/dev/NavLogger/install/local_setup.zsh'
[2.708s] INFO:colcon.colcon_core.shell:Creating prefix chain script '/home/james/Documents/dev/NavLogger/install/setup.zsh'
