[0.129s] DEBUG:colcon:Command line arguments: ['/usr/bin/colcon', 'build']
[0.129s] DEBUG:colcon:Parsed command line arguments: Namespace(log_base=None, log_level=None, verb_name='build', build_base='build', install_base='install', merge_install=False, symlink_install=False, test_result_base=None, continue_on_error=False, executor='parallel', parallel_workers=16, event_handlers=None, ignore_user_meta=False, metas=['./colcon.meta'], base_paths=['.'], packages_ignore=None, packages_ignore_regex=None, paths=None, packages_up_to=None, packages_up_to_regex=None, packages_above=None, packages_above_and_dependencies=None, packages_above_depth=None, packages_select_by_dep=None, packages_skip_by_dep=None, packages_skip_up_to=None, packages_select_build_failed=False, packages_skip_build_finished=False, packages_select_test_failures=False, packages_skip_test_passed=False, packages_select=None, packages_skip=None, packages_select_regex=None, packages_skip_regex=None, packages_start=None, packages_end=None, allow_overriding=[], cmake_args=None, cmake_target=None, cmake_target_skip_unavailable=False, cmake_clean_cache=False, cmake_clean_first=False, cmake_force_configure=False, ament_cmake_args=None, catkin_cmake_args=None, catkin_skip_building_tests=False, mixin_files=None, mixin=None, verb_parser=<colcon_mixin.mixin.mixin_argument.MixinArgumentDecorator object at 0x7d2d9608bdc0>, verb_extension=<colcon_core.verb.build.BuildVerb object at 0x7d2d9608b010>, main=<bound method BuildVerb.main of <colcon_core.verb.build.BuildVerb object at 0x7d2d9608b010>>, mixin_verb=('build',))
[0.170s] Level 1:colcon.colcon_core.package_discovery:discover_packages(colcon_meta) check parameters
[0.170s] Level 1:colcon.colcon_core.package_discovery:discover_packages(recursive) check parameters
[0.170s] Level 1:colcon.colcon_core.package_discovery:discover_packages(ignore) check parameters
[0.170s] Level 1:colcon.colcon_core.package_discovery:discover_packages(path) check parameters
[0.170s] Level 1:colcon.colcon_core.package_discovery:discover_packages(colcon_meta) discover
[0.171s] Level 1:colcon.colcon_core.package_discovery:discover_packages(recursive) discover
[0.171s] INFO:colcon.colcon_core.package_discovery:Crawling recursively for packages in '/home/james/Documents/dev/Snapshot_Coords'
[0.171s] Level 1:colcon.colcon_core.package_identification:_identify(.) by extensions ['ignore', 'ignore_ament_install']
[0.171s] Level 1:colcon.colcon_core.package_identification:_identify(.) by extension 'ignore'
[0.171s] Level 1:colcon.colcon_core.package_identification:_identify(.) by extension 'ignore_ament_install'
[0.171s] Level 1:colcon.colcon_core.package_identification:_identify(.) by extensions ['colcon_pkg']
[0.171s] Level 1:colcon.colcon_core.package_identification:_identify(.) by extension 'colcon_pkg'
[0.171s] Level 1:colcon.colcon_core.package_identification:_identify(.) by extensions ['colcon_meta']
[0.171s] Level 1:colcon.colcon_core.package_identification:_identify(.) by extension 'colcon_meta'
[0.171s] Level 1:colcon.colcon_core.package_identification:_identify(.) by extensions ['ros']
[0.171s] Level 1:colcon.colcon_core.package_identification:_identify(.) by extension 'ros'
[0.190s] DEBUG:colcon.colcon_core.package_identification:Package '.' with type 'ros.ament_python' and name 'NavLogger'
[0.190s] Level 1:colcon.colcon_core.package_discovery:discover_packages(recursive) using defaults
[0.190s] Level 1:colcon.colcon_core.package_discovery:discover_packages(ignore) discover
[0.190s] Level 1:colcon.colcon_core.package_discovery:discover_packages(ignore) using defaults
[0.190s] Level 1:colcon.colcon_core.package_discovery:discover_packages(path) discover
[0.190s] Level 1:colcon.colcon_core.package_discovery:discover_packages(path) using defaults
[0.214s] Level 1:colcon.colcon_core.package_discovery:discover_packages(prefix_path) check parameters
[0.214s] Level 1:colcon.colcon_core.package_discovery:discover_packages(prefix_path) discover
[0.217s] DEBUG:colcon.colcon_installed_package_information.package_discovery:Found 299 installed packages in /opt/ros/humble
[0.219s] Level 1:colcon.colcon_core.package_discovery:discover_packages(prefix_path) using defaults
[0.265s] Level 5:colcon.colcon_core.verb:set package 'NavLogger' build argument 'cmake_args' from command line to 'None'
[0.265s] Level 5:colcon.colcon_core.verb:set package 'NavLogger' build argument 'cmake_target' from command line to 'None'
[0.265s] Level 5:colcon.colcon_core.verb:set package 'NavLogger' build argument 'cmake_target_skip_unavailable' from command line to 'False'
[0.265s] Level 5:colcon.colcon_core.verb:set package 'NavLogger' build argument 'cmake_clean_cache' from command line to 'False'
[0.265s] Level 5:colcon.colcon_core.verb:set package 'NavLogger' build argument 'cmake_clean_first' from command line to 'False'
[0.265s] Level 5:colcon.colcon_core.verb:set package 'NavLogger' build argument 'cmake_force_configure' from command line to 'False'
[0.265s] Level 5:colcon.colcon_core.verb:set package 'NavLogger' build argument 'ament_cmake_args' from command line to 'None'
[0.265s] Level 5:colcon.colcon_core.verb:set package 'NavLogger' build argument 'catkin_cmake_args' from command line to 'None'
[0.265s] Level 5:colcon.colcon_core.verb:set package 'NavLogger' build argument 'catkin_skip_building_tests' from command line to 'False'
[0.265s] DEBUG:colcon.colcon_core.verb:Building package 'NavLogger' with the following arguments: {'ament_cmake_args': None, 'build_base': '/home/james/Documents/dev/Snapshot_Coords/build/NavLogger', 'catkin_cmake_args': None, 'catkin_skip_building_tests': False, 'cmake_args': None, 'cmake_clean_cache': False, 'cmake_clean_first': False, 'cmake_force_configure': False, 'cmake_target': None, 'cmake_target_skip_unavailable': False, 'install_base': '/home/james/Documents/dev/Snapshot_Coords/install/NavLogger', 'merge_install': False, 'path': '/home/james/Documents/dev/Snapshot_Coords', 'symlink_install': False, 'test_result_base': None}
[0.265s] INFO:colcon.colcon_core.executor:Executing jobs using 'parallel' executor
[0.267s] DEBUG:colcon.colcon_parallel_executor.executor.parallel:run_until_complete
[0.267s] INFO:colcon.colcon_ros.task.ament_python.build:Building ROS package in '/home/james/Documents/dev/Snapshot_Coords' with build type 'ament_python'
[0.267s] Level 1:colcon.colcon_core.shell:create_environment_hook('NavLogger', 'ament_prefix_path')
[0.270s] INFO:colcon.colcon_core.plugin_system:Skipping extension 'colcon_core.shell.bat': Not used on non-Windows systems
[0.270s] INFO:colcon.colcon_core.shell:Creating environment hook '/home/james/Documents/dev/Snapshot_Coords/install/NavLogger/share/NavLogger/hook/ament_prefix_path.ps1'
[0.271s] INFO:colcon.colcon_core.shell:Creating environment descriptor '/home/james/Documents/dev/Snapshot_Coords/install/NavLogger/share/NavLogger/hook/ament_prefix_path.dsv'
[0.271s] INFO:colcon.colcon_core.shell:Creating environment hook '/home/james/Documents/dev/Snapshot_Coords/install/NavLogger/share/NavLogger/hook/ament_prefix_path.sh'
[0.272s] INFO:colcon.colcon_core.shell:Skip shell extension 'powershell' for command environment: Not usable outside of PowerShell
[0.272s] DEBUG:colcon.colcon_core.shell:Skip shell extension 'dsv' for command environment
[0.566s] WARNING:colcon.colcon_ros.task.ament_python.build:Package 'NavLogger' doesn't explicitly install a marker in the package index (colcon-ros currently does it implicitly but that fallback will be removed in the future)
[0.566s] WARNING:colcon.colcon_ros.task.ament_python.build:Package 'NavLogger' doesn't explicitly install the 'package.xml' file (colcon-ros currently does it implicitly but that fallback will be removed in the future)
[0.566s] INFO:colcon.colcon_core.task.python.build:Building Python package in '/home/james/Documents/dev/Snapshot_Coords'
[0.567s] INFO:colcon.colcon_core.shell:Skip shell extension 'powershell' for command environment: Not usable outside of PowerShell
[0.567s] DEBUG:colcon.colcon_core.shell:Skip shell extension 'dsv' for command environment
[1.435s] DEBUG:colcon.colcon_core.event_handler.log_command:Invoking command in '/home/james/Documents/dev/Snapshot_Coords': PYTHONPATH=/home/james/Documents/dev/Snapshot_Coords/build/NavLogger/prefix_override:/usr/lib/python3/dist-packages/colcon_core/task/python/colcon_distutils_commands:/home/james/Documents/dev/Snapshot_Coords/install/NavLogger/lib/python3.10/site-packages:${PYTHONPATH} /usr/bin/python3 -W ignore:setup.py install is deprecated -W ignore:easy_install command is deprecated setup.py egg_info --egg-base build/NavLogger build --build-base /home/james/Documents/dev/Snapshot_Coords/build/NavLogger/build install --record /home/james/Documents/dev/Snapshot_Coords/build/NavLogger/install.log --single-version-externally-managed install_data
[2.179s] DEBUG:colcon.colcon_core.event_handler.log_command:Invoked command in '/home/james/Documents/dev/Snapshot_Coords' returned '0': PYTHONPATH=/home/james/Documents/dev/Snapshot_Coords/build/NavLogger/prefix_override:/usr/lib/python3/dist-packages/colcon_core/task/python/colcon_distutils_commands:/home/james/Documents/dev/Snapshot_Coords/install/NavLogger/lib/python3.10/site-packages:${PYTHONPATH} /usr/bin/python3 -W ignore:setup.py install is deprecated -W ignore:easy_install command is deprecated setup.py egg_info --egg-base build/NavLogger build --build-base /home/james/Documents/dev/Snapshot_Coords/build/NavLogger/build install --record /home/james/Documents/dev/Snapshot_Coords/build/NavLogger/install.log --single-version-externally-managed install_data
[2.182s] Level 1:colcon.colcon_core.environment:checking '/home/james/Documents/dev/Snapshot_Coords/install/NavLogger' for CMake module files
[2.182s] Level 1:colcon.colcon_core.environment:checking '/home/james/Documents/dev/Snapshot_Coords/install/NavLogger' for CMake config files
[2.183s] Level 1:colcon.colcon_core.environment:checking '/home/james/Documents/dev/Snapshot_Coords/install/NavLogger/lib'
[2.183s] Level 1:colcon.colcon_core.environment:checking '/home/james/Documents/dev/Snapshot_Coords/install/NavLogger/bin'
[2.184s] Level 1:colcon.colcon_core.environment:checking '/home/james/Documents/dev/Snapshot_Coords/install/NavLogger/lib/pkgconfig/NavLogger.pc'
[2.184s] Level 1:colcon.colcon_core.environment:checking '/home/james/Documents/dev/Snapshot_Coords/install/NavLogger/lib/python3.10/site-packages'
[2.184s] Level 1:colcon.colcon_core.shell:create_environment_hook('NavLogger', 'pythonpath')
[2.184s] INFO:colcon.colcon_core.shell:Creating environment hook '/home/james/Documents/dev/Snapshot_Coords/install/NavLogger/share/NavLogger/hook/pythonpath.ps1'
[2.185s] INFO:colcon.colcon_core.shell:Creating environment descriptor '/home/james/Documents/dev/Snapshot_Coords/install/NavLogger/share/NavLogger/hook/pythonpath.dsv'
[2.185s] INFO:colcon.colcon_core.shell:Creating environment hook '/home/james/Documents/dev/Snapshot_Coords/install/NavLogger/share/NavLogger/hook/pythonpath.sh'
[2.186s] Level 1:colcon.colcon_core.environment:checking '/home/james/Documents/dev/Snapshot_Coords/install/NavLogger/bin'
[2.186s] Level 1:colcon.colcon_core.environment:create_environment_scripts_only(NavLogger)
[2.186s] INFO:colcon.colcon_core.shell:Creating package script '/home/james/Documents/dev/Snapshot_Coords/install/NavLogger/share/NavLogger/package.ps1'
[2.187s] INFO:colcon.colcon_core.shell:Creating package descriptor '/home/james/Documents/dev/Snapshot_Coords/install/NavLogger/share/NavLogger/package.dsv'
[2.188s] INFO:colcon.colcon_core.shell:Creating package script '/home/james/Documents/dev/Snapshot_Coords/install/NavLogger/share/NavLogger/package.sh'
[2.189s] INFO:colcon.colcon_core.shell:Creating package script '/home/james/Documents/dev/Snapshot_Coords/install/NavLogger/share/NavLogger/package.bash'
[2.190s] INFO:colcon.colcon_core.shell:Creating package script '/home/james/Documents/dev/Snapshot_Coords/install/NavLogger/share/NavLogger/package.zsh'
[2.191s] Level 1:colcon.colcon_core.environment:create_file_with_runtime_dependencies(/home/james/Documents/dev/Snapshot_Coords/install/NavLogger/share/colcon-core/packages/NavLogger)
[2.191s] DEBUG:colcon.colcon_parallel_executor.executor.parallel:closing loop
[2.191s] DEBUG:colcon.colcon_parallel_executor.executor.parallel:loop closed
[2.192s] DEBUG:colcon.colcon_parallel_executor.executor.parallel:run_until_complete finished with '0'
[2.192s] DEBUG:colcon.colcon_core.event_reactor:joining thread
[2.197s] INFO:colcon.colcon_core.plugin_system:Skipping extension 'colcon_notification.desktop_notification.notify_send': Could not find 'notify-send'
[2.197s] INFO:colcon.colcon_core.plugin_system:Skipping extension 'colcon_notification.desktop_notification.terminal_notifier': Not used on non-Darwin systems
[2.197s] INFO:colcon.colcon_core.plugin_system:Skipping extension 'colcon_notification.desktop_notification.win32': Not used on non-Windows systems
[2.197s] INFO:colcon.colcon_notification.desktop_notification:Sending desktop notification using 'notify2'
[2.211s] DEBUG:colcon.colcon_core.event_reactor:joined thread
[2.211s] INFO:colcon.colcon_core.shell:Creating prefix script '/home/james/Documents/dev/Snapshot_Coords/install/local_setup.ps1'
[2.213s] INFO:colcon.colcon_core.shell:Creating prefix util module '/home/james/Documents/dev/Snapshot_Coords/install/_local_setup_util_ps1.py'
[2.214s] INFO:colcon.colcon_core.shell:Creating prefix chain script '/home/james/Documents/dev/Snapshot_Coords/install/setup.ps1'
[2.216s] INFO:colcon.colcon_core.shell:Creating prefix script '/home/james/Documents/dev/Snapshot_Coords/install/local_setup.sh'
[2.216s] INFO:colcon.colcon_core.shell:Creating prefix util module '/home/james/Documents/dev/Snapshot_Coords/install/_local_setup_util_sh.py'
[2.217s] INFO:colcon.colcon_core.shell:Creating prefix chain script '/home/james/Documents/dev/Snapshot_Coords/install/setup.sh'
[2.218s] INFO:colcon.colcon_core.shell:Creating prefix script '/home/james/Documents/dev/Snapshot_Coords/install/local_setup.bash'
[2.218s] INFO:colcon.colcon_core.shell:Creating prefix chain script '/home/james/Documents/dev/Snapshot_Coords/install/setup.bash'
[2.219s] INFO:colcon.colcon_core.shell:Creating prefix script '/home/james/Documents/dev/Snapshot_Coords/install/local_setup.zsh'
[2.220s] INFO:colcon.colcon_core.shell:Creating prefix chain script '/home/james/Documents/dev/Snapshot_Coords/install/setup.zsh'
